[17:14:48.361][CONSTRUCT][CLIENT][INFO] Starting building internal Registries
[17:14:49.077][CONSTRUCT][CLIENT][INFO] The following mods have explicit CraftTweaker support:
'aquaculture' at version '1.16.5-2.1.16'
'computercraft' at version '1.95.2'
'crafttweaker' at version '7.1.0.132'
'jeitweaker' at version '1.0.1.13'
[17:14:49.172][CONSTRUCT][CLIENT][DEBUG] Registering crafttweaker.api.entity.MCEntityClassification for native type 'net.minecraft.entity.EntityClassification'
[17:14:49.173][CONSTRUCT][CLIENT][DEBUG] Registering crafttweaker.api.block.material.MCMaterial for native type 'net.minecraft.block.material.Material'
[17:14:49.173][CONSTRUCT][CLIENT][DEBUG] Registering crafttweaker.api.potion.MCPotion for native type 'net.minecraft.potion.Potion'
[17:14:49.173][CONSTRUCT][CLIENT][DEBUG] Registering crafttweaker.api.entity.MCEntity for native type 'net.minecraft.entity.Entity'
[17:14:49.173][CONSTRUCT][CLIENT][DEBUG] Registering crafttweaker.api.util.DamageSource for native type 'net.minecraft.util.DamageSource'
[17:14:49.173][CONSTRUCT][CLIENT][DEBUG] Registering crafttweaker.api.util.MCResourceLocation for native type 'net.minecraft.util.ResourceLocation'
[17:14:49.173][CONSTRUCT][CLIENT][DEBUG] Registering crafttweaker.api.event.entity.MCEntityEvent for native type 'net.minecraftforge.event.entity.EntityEvent'
[17:14:49.173][CONSTRUCT][CLIENT][DEBUG] Registering crafttweaker.api.event.entity.player.xp.MCLevelChangeEvent for native type 'net.minecraftforge.event.entity.player.PlayerXpEvent.LevelChange'
[17:14:49.173][CONSTRUCT][CLIENT][DEBUG] Registering crafttweaker.api.world.MCServerWorld for native type 'net.minecraft.world.server.ServerWorld'
[17:14:49.173][CONSTRUCT][CLIENT][DEBUG] Registering crafttweaker.api.enchantment.MCEnchantment for native type 'net.minecraft.enchantment.Enchantment'
[17:14:49.173][CONSTRUCT][CLIENT][DEBUG] Registering crafttweaker.api.potion.MCPotionEffect for native type 'net.minecraft.potion.Effect'
[17:14:49.174][CONSTRUCT][CLIENT][DEBUG] Registering crafttweaker.api.event.entity.living.MCLivingDeathEvent for native type 'net.minecraftforge.event.entity.living.LivingDeathEvent'
[17:14:49.174][CONSTRUCT][CLIENT][DEBUG] Registering crafttweaker.api.event.entity.player.xp.MCXpChangeEvent for native type 'net.minecraftforge.event.entity.player.PlayerXpEvent.XpChange'
[17:14:49.174][CONSTRUCT][CLIENT][DEBUG] Registering crafttweaker.api.villager.MCVillagerProfession for native type 'net.minecraft.entity.merchant.villager.VillagerProfession'
[17:14:49.174][CONSTRUCT][CLIENT][DEBUG] Registering crafttweaker.api.entity.MCLivingEntity for native type 'net.minecraft.entity.LivingEntity'
[17:14:49.174][CONSTRUCT][CLIENT][DEBUG] Registering crafttweaker.api.event.entity.player.MCItemFishedEvent for native type 'net.minecraftforge.event.entity.player.ItemFishedEvent'
[17:14:49.174][CONSTRUCT][CLIENT][DEBUG] Registering crafttweaker.api.event.tick.MCPlayerTickEvent for native type 'net.minecraftforge.event.TickEvent.PlayerTickEvent'
[17:14:49.174][CONSTRUCT][CLIENT][DEBUG] Registering crafttweaker.api.potion.MCPotionEffectInstance for native type 'net.minecraft.potion.EffectInstance'
[17:14:49.174][CONSTRUCT][CLIENT][DEBUG] Registering crafttweaker.api.event.entity.player.MCPlayerRespawnEvent for native type 'net.minecraftforge.event.entity.player.PlayerEvent.PlayerRespawnEvent'
[17:14:49.174][CONSTRUCT][CLIENT][DEBUG] Registering crafttweaker.api.event.entity.player.MCPlayerLoggedOutEvent for native type 'net.minecraftforge.event.entity.player.PlayerEvent.PlayerLoggedOutEvent'
[17:14:49.174][CONSTRUCT][CLIENT][DEBUG] Registering crafttweaker.api.world.MCBiome for native type 'net.minecraft.world.biome.Biome'
[17:14:49.174][CONSTRUCT][CLIENT][DEBUG] Registering crafttweaker.api.util.DirectionAxis for native type 'net.minecraft.util.Direction.Axis'
[17:14:49.174][CONSTRUCT][CLIENT][DEBUG] Registering crafttweaker.api.event.entity.living.MCLivingHurtEvent for native type 'net.minecraftforge.event.entity.living.LivingHurtEvent'
[17:14:49.174][CONSTRUCT][CLIENT][DEBUG] Registering crafttweaker.api.event.entity.player.interact.MCRightClickItemEvent for native type 'net.minecraftforge.event.entity.player.PlayerInteractEvent.RightClickItem'
[17:14:49.175][CONSTRUCT][CLIENT][DEBUG] Registering crafttweaker.api.event.entity.player.interact.MCPlayerInteractEvent for native type 'net.minecraftforge.event.entity.player.PlayerInteractEvent'
[17:14:49.175][CONSTRUCT][CLIENT][DEBUG] Registering crafttweaker.api.player.MCPlayerEntity for native type 'net.minecraft.entity.player.PlayerEntity'
[17:14:49.175][CONSTRUCT][CLIENT][DEBUG] Registering crafttweaker.api.event.player.MCItemCraftedEvent for native type 'net.minecraftforge.event.entity.player.PlayerEvent.ItemCraftedEvent'
[17:14:49.175][CONSTRUCT][CLIENT][DEBUG] Registering crafttweaker.api.item.Ingredient for native type 'net.minecraft.item.crafting.Ingredient'
[17:14:49.175][CONSTRUCT][CLIENT][DEBUG] Registering crafttweaker.api.event.tick.MCTickEvent for native type 'net.minecraftforge.event.TickEvent'
[17:14:49.175][CONSTRUCT][CLIENT][DEBUG] Registering crafttweaker.api.event.entity.player.MCPlayerLoggedInEvent for native type 'net.minecraftforge.event.entity.player.PlayerEvent.PlayerLoggedInEvent'
[17:14:49.175][CONSTRUCT][CLIENT][DEBUG] Registering crafttweaker.api.event.entity.living.MCLivingHealEvent for native type 'net.minecraftforge.event.entity.living.LivingHealEvent'
[17:14:49.175][CONSTRUCT][CLIENT][DEBUG] Registering crafttweaker.api.blocks.MCBlockState for native type 'net.minecraft.block.BlockState'
[17:14:49.175][CONSTRUCT][CLIENT][DEBUG] Registering crafttweaker.api.event.entity.player.MCItemSmeltedEvent for native type 'net.minecraftforge.event.entity.player.PlayerEvent.ItemSmeltedEvent'
[17:14:49.175][CONSTRUCT][CLIENT][DEBUG] Registering crafttweaker.api.event.entity.player.MCItemPickupEvent for native type 'net.minecraftforge.event.entity.player.PlayerEvent.ItemPickupEvent'
[17:14:49.175][CONSTRUCT][CLIENT][DEBUG] Registering crafttweaker.api.fluid.MCFluid for native type 'net.minecraft.fluid.Fluid'
[17:14:49.176][CONSTRUCT][CLIENT][DEBUG] Registering crafttweaker.api.world.MCWorld for native type 'net.minecraft.world.World'
[17:14:49.176][CONSTRUCT][CLIENT][DEBUG] Registering crafttweaker.api.event.entity.player.interact.MCRightClickEmptyEvent for native type 'net.minecraftforge.event.entity.player.PlayerInteractEvent.RightClickEmpty'
[17:14:49.176][CONSTRUCT][CLIENT][DEBUG] Registering crafttweaker.api.block.material.MCMaterialColor for native type 'net.minecraft.block.material.MaterialColor'
[17:14:49.176][CONSTRUCT][CLIENT][DEBUG] Registering crafttweaker.api.util.BlockPos for native type 'net.minecraft.util.math.BlockPos'
[17:14:49.176][CONSTRUCT][CLIENT][DEBUG] Registering crafttweaker.api.event.entity.player.MCAnvilRepairEvent for native type 'net.minecraftforge.event.entity.player.AnvilRepairEvent'
[17:14:49.176][CONSTRUCT][CLIENT][DEBUG] Registering crafttweaker.api.event.MCEvent for native type 'net.minecraftforge.eventbus.api.Event'
[17:14:49.176][CONSTRUCT][CLIENT][DEBUG] Registering crafttweaker.api.event.entity.player.MCAdvancementEvent for native type 'net.minecraftforge.event.entity.player.AdvancementEvent'
[17:14:49.176][CONSTRUCT][CLIENT][DEBUG] Registering crafttweaker.api.item.MCItemDefinition for native type 'net.minecraft.item.Item'
[17:14:49.176][CONSTRUCT][CLIENT][DEBUG] Registering crafttweaker.api.event.entity.player.MCPlayerDestroyItemEvent for native type 'net.minecraftforge.event.entity.player.PlayerDestroyItemEvent'
[17:14:49.176][CONSTRUCT][CLIENT][DEBUG] Registering crafttweaker.api.item.ItemStack for native type 'net.minecraft.item.ItemStack'
[17:14:49.176][CONSTRUCT][CLIENT][DEBUG] Registering crafttweaker.api.blocks.MCBlock for native type 'net.minecraft.block.Block'
[17:14:49.177][CONSTRUCT][CLIENT][DEBUG] Registering crafttweaker.api.event.entity.MCLivingEvent for native type 'net.minecraftforge.event.entity.living.LivingEvent'
[17:14:49.177][CONSTRUCT][CLIENT][DEBUG] Registering crafttweaker.api.event.entity.player.MCPlayerEvent for native type 'net.minecraftforge.event.entity.player.PlayerEvent'
[17:14:49.177][CONSTRUCT][CLIENT][DEBUG] Registering crafttweaker.api.event.entity.player.interact.MCRightClickBlockEvent for native type 'net.minecraftforge.event.entity.player.PlayerInteractEvent.RightClickBlock'
[17:14:49.185][CONSTRUCT][CLIENT][DEBUG] Registering dan200.computercraft.turtle
[17:14:49.187][CONSTRUCT][CLIENT][DEBUG] Registering mods.jei.JEI
[17:14:49.192][CONSTRUCT][CLIENT][DEBUG] Registering crafttweaker.api.ILogger
[17:14:49.331][CONSTRUCT][CLIENT][DEBUG] Registering crafttweaker.api.brackets.CommandStringDisplayable
[17:14:49.340][CONSTRUCT][CLIENT][DEBUG] Registering crafttweaker.api.recipe.RecipeFunctionMatrix
[17:14:49.340][CONSTRUCT][CLIENT][DEBUG] Registering crafttweaker.api.recipe.RecipeFunctionSingle
[17:14:49.340][CONSTRUCT][CLIENT][DEBUG] Registering crafttweaker.api.recipe.RecipeFunctionArray
[17:14:49.341][CONSTRUCT][CLIENT][DEBUG] Registering crafttweaker.api.registries.IRecipeManager
[17:14:49.341][CONSTRUCT][CLIENT][DEBUG] Registering crafttweaker.api.recipe.RecipeFilter
[17:14:49.342][CONSTRUCT][CLIENT][DEBUG] Registering crafttweaker.api.registries.ICookingRecipeManager
[17:14:49.342][CONSTRUCT][CLIENT][DEBUG] Registering crafttweaker.api.data.IData
[17:14:49.343][CONSTRUCT][CLIENT][DEBUG] Registering crafttweaker.api.data.ICollectionData
[17:14:49.343][CONSTRUCT][CLIENT][DEBUG] Registering crafttweaker.api.data.INumberData
[17:14:49.352][CONSTRUCT][CLIENT][DEBUG] Registering crafttweaker.api.fluid.IFluidStack
[17:14:49.357][CONSTRUCT][CLIENT][DEBUG] Registering crafttweaker.api.mods.ModInfo
[17:14:49.357][CONSTRUCT][CLIENT][DEBUG] Registering crafttweaker.api.mods.Mods
[17:14:49.358][CONSTRUCT][CLIENT][DEBUG] Registering crafttweaker.api.Globals
[17:14:49.385][CONSTRUCT][CLIENT][DEBUG] Registering crafttweaker.api.CraftTweakerAPI
[17:14:49.387][CONSTRUCT][CLIENT][DEBUG] Registering crafttweaker.api.item.IIngredientTransformer
[17:14:49.387][CONSTRUCT][CLIENT][DEBUG] Registering crafttweaker.api.item.tooltip.ITooltipFunction
[17:14:49.387][CONSTRUCT][CLIENT][DEBUG] Registering crafttweaker.api.item.IIngredient
[17:14:49.387][CONSTRUCT][CLIENT][DEBUG] Registering crafttweaker.api.item.IItemStack
[17:14:49.391][CONSTRUCT][CLIENT][DEBUG] Registering crafttweaker.api.item.IIngredientWithAmount
[17:14:49.393][CONSTRUCT][CLIENT][DEBUG] Registering crafttweaker.api.item.IIngredientCondition
[17:14:49.407][CONSTRUCT][CLIENT][DEBUG] Registering crafttweaker.api.events.CTEventManager
[17:14:49.407][CONSTRUCT][CLIENT][DEBUG] Registering crafttweaker.api.entity.MCEntityType
[17:14:49.409][CONSTRUCT][CLIENT][DEBUG] Registering crafttweaker.api.util.Direction
[17:14:49.412][CONSTRUCT][CLIENT][DEBUG] Registering crafttweaker.api.util.text.MCStyle
[17:14:49.413][CONSTRUCT][CLIENT][DEBUG] Registering crafttweaker.api.util.text.MCTextComponent
[17:14:49.414][CONSTRUCT][CLIENT][DEBUG] Registering crafttweaker.api.text.TextFormatting
[17:14:49.415][CONSTRUCT][CLIENT][DEBUG] Registering crafttweaker.api.recipes.WrapperRecipe
[17:14:49.422][CONSTRUCT][CLIENT][DEBUG] Registering crafttweaker.api.RecipeTypeBracketHandler
[17:14:49.423][CONSTRUCT][CLIENT][DEBUG] Registering crafttweaker.api.BracketHandlers
[17:14:49.426][CONSTRUCT][CLIENT][DEBUG] Registering crafttweaker.api.BracketDumpers
[17:14:49.429][CONSTRUCT][CLIENT][DEBUG] Registering crafttweaker.api.BracketValidators
[17:14:49.432][CONSTRUCT][CLIENT][DEBUG] Registering crafttweaker.api.CraftingTableManager
[17:14:49.433][CONSTRUCT][CLIENT][DEBUG] Registering crafttweaker.api.FurnaceManager
[17:14:49.433][CONSTRUCT][CLIENT][DEBUG] Registering crafttweaker.api.SmithingManager
[17:14:49.433][CONSTRUCT][CLIENT][DEBUG] Registering crafttweaker.api.StoneCutterManager
[17:14:49.433][CONSTRUCT][CLIENT][DEBUG] Registering crafttweaker.api.SmokerManager
[17:14:49.434][CONSTRUCT][CLIENT][DEBUG] Registering crafttweaker.api.BlastFurnaceManager
[17:14:49.434][CONSTRUCT][CLIENT][DEBUG] Registering crafttweaker.api.CampFireManager
[17:14:49.438][CONSTRUCT][CLIENT][DEBUG] Registering crafttweaker.api.villagers.VillagerTrades
[17:14:49.438][CONSTRUCT][CLIENT][DEBUG] Registering crafttweaker.api.Composter
[17:14:49.439][CONSTRUCT][CLIENT][DEBUG] Registering crafttweaker.api.data.IntData
[17:14:49.439][CONSTRUCT][CLIENT][DEBUG] Registering crafttweaker.api.data.ByteArrayData
[17:14:49.439][CONSTRUCT][CLIENT][DEBUG] Registering crafttweaker.api.data.BoolData
[17:14:49.440][CONSTRUCT][CLIENT][DEBUG] Registering crafttweaker.api.data.StringData
[17:14:49.440][CONSTRUCT][CLIENT][DEBUG] Registering crafttweaker.api.data.LongArrayData
[17:14:49.443][CONSTRUCT][CLIENT][DEBUG] Registering crafttweaker.api.data.ByteData
[17:14:49.445][CONSTRUCT][CLIENT][DEBUG] Registering crafttweaker.api.data.DoubleData
[17:14:49.447][CONSTRUCT][CLIENT][DEBUG] Registering crafttweaker.api.data.FloatData
[17:14:49.448][CONSTRUCT][CLIENT][DEBUG] Registering crafttweaker.api.data.ListData
[17:14:49.450][CONSTRUCT][CLIENT][DEBUG] Registering crafttweaker.api.data.ShortData
[17:14:49.450][CONSTRUCT][CLIENT][DEBUG] Registering crafttweaker.api.data.IntArrayData
[17:14:49.451][CONSTRUCT][CLIENT][DEBUG] Registering crafttweaker.api.data.MapData
[17:14:49.453][CONSTRUCT][CLIENT][DEBUG] Registering crafttweaker.api.data.LongData
[17:14:49.453][CONSTRUCT][CLIENT][DEBUG] Registering crafttweaker.api.tag.MCTagWithAmount
[17:14:49.453][CONSTRUCT][CLIENT][DEBUG] Registering crafttweaker.api.tag.MCTag
[17:14:49.459][CONSTRUCT][CLIENT][DEBUG] Registering crafttweaker.api.tags.CrTTagRegistryData
[17:14:49.460][CONSTRUCT][CLIENT][DEBUG] Registering crafttweaker.api.tag.TagManager
[17:14:49.462][CONSTRUCT][CLIENT][DEBUG] Registering crafttweaker.api.tag.TagManagerBlock
[17:14:49.463][CONSTRUCT][CLIENT][DEBUG] Registering crafttweaker.api.tag.TagManagerItem
[17:14:49.463][CONSTRUCT][CLIENT][DEBUG] Registering crafttweaker.api.tag.TagManagerEntityType
[17:14:49.464][CONSTRUCT][CLIENT][DEBUG] Registering crafttweaker.api.tag.TagManagerFluid
[17:14:49.464][CONSTRUCT][CLIENT][DEBUG] Registering crafttweaker.api.game.MCGame
[17:14:49.467][CONSTRUCT][CLIENT][DEBUG] Registering crafttweaker.api.item.MCIngredientTransformed
[17:14:49.468][CONSTRUCT][CLIENT][DEBUG] Registering crafttweaker.api.item.IngredientList
[17:14:49.470][CONSTRUCT][CLIENT][DEBUG] Registering crafttweaker.api.item.MCIngredientConditioned
[17:14:49.470][CONSTRUCT][CLIENT][DEBUG] Registering crafttweaker.api.item.MCWeightedItemStack
[17:14:49.471][CONSTRUCT][CLIENT][DEBUG] Registering crafttweaker.api.food.MCFood
[17:14:49.471][CONSTRUCT][CLIENT][DEBUG] Registering crafttweaker.api.commands.custom.MCCommandDispatcher
[17:14:49.472][CONSTRUCT][CLIENT][DEBUG] Registering crafttweaker.api.commands.custom.MCCommand
[17:14:49.474][CONSTRUCT][CLIENT][DEBUG] Registering crafttweaker.api.commands.custom.MCParsedArgument
[17:14:49.474][CONSTRUCT][CLIENT][DEBUG] Registering crafttweaker.api.commands.custom.MCCommandNode
[17:14:49.475][CONSTRUCT][CLIENT][DEBUG] Registering crafttweaker.api.commands.custom.MCRootCommandNode
[17:14:49.475][CONSTRUCT][CLIENT][DEBUG] Registering crafttweaker.api.commands.custom.MCAmbiguityConsumer
[17:14:49.477][CONSTRUCT][CLIENT][DEBUG] Registering crafttweaker.api.commands.custom.MCCommandContextBuilder
[17:14:49.478][CONSTRUCT][CLIENT][DEBUG] Registering crafttweaker.api.commands.custom.MCImmutableStringReader
[17:14:49.480][CONSTRUCT][CLIENT][DEBUG] Registering crafttweaker.api.commands.custom.MCArgumentCommandNode
[17:14:49.482][CONSTRUCT][CLIENT][DEBUG] Registering crafttweaker.api.commands.custom.MCSuggestionsBuilder
[17:14:49.484][CONSTRUCT][CLIENT][DEBUG] Registering crafttweaker.api.commands.custom.MCSingleRedirectModifier
[17:14:49.486][CONSTRUCT][CLIENT][DEBUG] Registering crafttweaker.api.commands.custom.MCLiteralCommandNode
[17:14:49.486][CONSTRUCT][CLIENT][DEBUG] Registering crafttweaker.api.commands.custom.MCResultConsumer
[17:14:49.487][CONSTRUCT][CLIENT][DEBUG] Registering crafttweaker.api.commands.custom.MCRequiredArgumentBuilder
[17:14:49.488][CONSTRUCT][CLIENT][DEBUG] Registering crafttweaker.api.commands.custom.MCParseResults
[17:14:49.488][CONSTRUCT][CLIENT][DEBUG] Registering crafttweaker.api.commands.custom.MCCommandSource
[17:14:49.488][CONSTRUCT][CLIENT][DEBUG] Registering crafttweaker.api.commands.custom.CustomCommands
[17:14:49.490][CONSTRUCT][CLIENT][DEBUG] Registering crafttweaker.api.commands.custom.MCStringRange
[17:14:49.491][CONSTRUCT][CLIENT][DEBUG] Registering crafttweaker.api.commands.custom.MCLiteralArgumentBuilder
[17:14:49.493][CONSTRUCT][CLIENT][DEBUG] Registering crafttweaker.api.commands.custom.MCParsedCommandNode
[17:14:49.499][CONSTRUCT][CLIENT][DEBUG] Registering crafttweaker.api.commands.custom.MCRedirectModifier
[17:14:49.501][CONSTRUCT][CLIENT][DEBUG] Registering crafttweaker.api.commands.custom.MCSuggestion
[17:14:49.501][CONSTRUCT][CLIENT][DEBUG] Registering crafttweaker.api.commands.custom.MCArgumentBuilder
[17:14:49.502][CONSTRUCT][CLIENT][DEBUG] Registering crafttweaker.api.commands.custom.MCCommandContext
[17:14:49.504][CONSTRUCT][CLIENT][DEBUG] Registering crafttweaker.api.commands.custom.MCSuggestionProvider
[17:14:49.505][CONSTRUCT][CLIENT][DEBUG] Registering crafttweaker.api.commands.custom.MCSuggestionContext
[17:14:49.507][CONSTRUCT][CLIENT][DEBUG] Registering crafttweaker.api.commands.custom.MCSuggestions
[17:14:49.507][CONSTRUCT][CLIENT][DEBUG] Registering mods.aquaculture.FishData
[17:14:49.547][CONSTRUCT][CLIENT][DEBUG] Registering Native TagManager with TagFolder 'blocks'
[17:14:49.549][CONSTRUCT][CLIENT][DEBUG] Registering Native TagManager with TagFolder 'items'
[17:14:49.549][CONSTRUCT][CLIENT][DEBUG] Registering Native TagManager with TagFolder 'entity_types'
[17:14:49.549][CONSTRUCT][CLIENT][DEBUG] Registering Native TagManager with TagFolder 'fluids'
[17:14:49.549][CONSTRUCT][CLIENT][INFO] Completed building internal Registries
[17:14:59.300][LOAD_REGISTRIES][CLIENT][DEBUG] Setting up Tag Managers
[17:14:59.303][LOAD_REGISTRIES][CLIENT][DEBUG] Creating Wrapper TagManager for type 'minecraft:potion' with tag folder 'potions'
[17:14:59.304][LOAD_REGISTRIES][CLIENT][DEBUG] Creating Wrapper TagManager for type 'minecraft:enchantment' with tag folder 'enchantments'
[17:14:59.304][LOAD_REGISTRIES][CLIENT][DEBUG] Creating Wrapper TagManager for type 'minecraft:block_entity_type' with tag folder 'tile_entity_types'
[17:14:59.304][LOAD_REGISTRIES][CLIENT][DEBUG] Could not register tag manager for tile_entity_types
[17:14:59.304][LOAD_REGISTRIES][CLIENT][DEBUG] Finished setting up Tag Managers
[17:15:25.218][COMMON_SETUP][CLIENT][INFO] Started loading Scripts for Loader 'setupCommon'!
[17:15:25.231][COMMON_SETUP][CLIENT][DEBUG] This is a first run. All IActions will be applied.
[17:15:26.198][COMMON_SETUP][CLIENT][DEBUG] Could not get class for type string[string] attempting to do stuff anyways
[17:15:26.199][COMMON_SETUP][CLIENT][DEBUG] Could not get class for type string[string] attempting to do stuff anyways
[17:15:26.200][COMMON_SETUP][CLIENT][DEBUG] Could not get class for type IData[string] attempting to do stuff anyways
[17:15:26.206][COMMON_SETUP][CLIENT][DEBUG] Could not get class for type IData[] attempting to do stuff anyways
[17:15:26.288][COMMON_SETUP][CLIENT][DEBUG] This is loader 'setupCommon' run #1
[17:15:27.266][COMMON_SETUP][CLIENT][INFO] Finished loading Scripts!
